Abertura Arquivo - Data: 2004.03.31 Hora: 22:10:40
WinNT Versao 5.01 (build 2600) Service Pack 1

Intel 586, 1 Processador(s)

Inicio Thread[1], parametros 001, 1, $°
лллллллллллллллллллллллллллллллллллллллллллллллллллллллллллллллллллллллллллллллллллллллллллллллллллллллллллллллллллллллллллллллллллллллллллллллллллллллллллллллллллллллллллллллллллллллллллллллллллллллллллллллллллллллллллллллллллллллллллллллллллллллллллллллллллл<
Erro[000, A operaГЦo foi concluМda com Йxito.](null)
Inicio Thread[0], parametros 000, , (null)
Erro[008, Tentativa de fazer referЙncia a uma sМmbolo nЦo existente.](null)
Erro[000, A operaГЦo foi concluМda com Йxito.](null)
Inicio Thread[1], parametros 001, 1, $°
Erro[008, Tentativa de fazer referЙncia a uma sМmbolo nЦo existente.](null)
Erro[000, A operaГЦo foi concluМda com Йxito.](null)
Inicio Thread[0], parametros 000, , (null)
Erro[008, Tentativa de fazer referЙncia a uma sМmbolo nЦo existente.](null)
Finalizada Thread[1]
Erro[000, A operaГЦo foi concluМda com Йxito.](null)
Inicio Thread[0], parametros 000, , (null)
Erro[008, Tentativa de fazer referЙncia a uma sМmbolo nЦo existente.](null)
[000, A operaГЦo foi concluМda com Йxito.](null)
[000, A operaГЦo foi concluМda com Йxito.](null)
Inicio Thread[1], parametros 001, 1, 1242376
[000, A operaГЦo foi concluМda com Йxito.](null)
[008, Tentativa de fazer referЙncia a uma sМmbolo nЦo existente.](null)
Inicio Thread[1], parametros 001, 1, 1242376
Inicio Thread[1], parametros 001, 1, 1242376
[000, A operaГЦo foi concluМda com Йxito.](null)
Inicio Thread[1], parametros 001, 1, 1242376
[000, A operaГЦo foi concluМda com Йxito.](null)
Inicio Thread[1], parametros 001, 1, 1242376
[000, A operaГЦo foi concluМda com Йxito.](null)
Inicio Thread[1], parametros 001, 1, 1242376
[000, A operaГЦo foi concluМda com Йxito.](null)
Inicio Thread[1], parametros 001, 1, 1242376
[000, A operaГЦo foi concluМda com Йxito.](null)
[008, Tentativa de fazer referЙncia a uma sМmbolo nЦo existente.](null)
Inicio Thread[1], parametros 001, 1, 1242376
[000, A operaГЦo foi concluМda com Йxito.](null)
Inicio Thread[1], parametros 001, 1, 1242376
[000, A operaГЦo foi concluМda com Йxito.](null)
[009, A operaГЦo foi concluМda com Йxito.](null)
Inicio Thread[1], parametros 001, 1, 1242376
[000, A operaГЦo foi concluМda com Йxito.](null)
[009, A operaГЦo foi concluМda com Йxito.](null)
